Starting Container
üîó Conectando ao banco de dados...
‚úÖ Configura√ß√£o do banco de dados conclu√≠da
‚ö†Ô∏è SESSION_SECRET n√£o configurada, gerando chave tempor√°ria...
‚úÖ Chave tempor√°ria gerada (configure SESSION_SECRET para produ√ß√£o)
INFO:     Started server process [1]
INFO:     Waiting for application startup.
üîÑ Verificando banco de dados...
‚úÖ Tabelas verificadas/criadas
üîÑ Adicionando coluna 'codigo' √† tabela prospeccoes...
‚úÖ Coluna 'codigo' adicionada com sucesso
üîÑ Criando √≠ndice √∫nico para coluna 'codigo'...
‚úÖ √çndice criado com sucesso
üîÑ Iniciando seed de dados...
‚úì Usu√°rio admin j√° existe: admin@admin.com
‚úì Consultores j√° existem no banco
‚úì Empresas padr√£o j√° existem no banco
‚úì Est√°gios do pipeline j√° existem no banco
‚úì Pipeline j√° possui dados
üîÑ Atualizando 2 prospec√ß√µes sem c√≥digo...
‚úÖ 2 prospec√ß√µes atualizadas com c√≥digo √∫nico
‚úÖ Seed de dados conclu√≠do
INFO:     Application startup complete.
INFO:     Uvicorn running on http://0.0.0.0:8080 (Press CTRL+C to quit)
(trapped) error reading bcrypt version
Traceback (most recent call last):
  File "/usr/local/lib/python3.11/site-packages/passlib/handlers/bcrypt.py", line 620, in _load_backend_mixin
    version = _bcrypt.__about__.__version__
              ^^^^^^^^^^^^^^^^^
AttributeError: module 'bcrypt' has no attribute '__about__'
    cursor.execute(statement, parameters)
psycopg2.errors.UndefinedColumn: column prospeccoes.data_atualizacao does not exist
LINE 1: ...peccoes.data_criacao AS prospeccoes_data_criacao, prospeccoe...
                                                             ^
The above exception was the direct cause of the following exception:
Traceback (most recent call last):
  File "/usr/local/lib/python3.11/site-packages/uvicorn/protocols/http/httptools_impl.py", line 419, in run_asgi
    result = await app(  # type: ignore[func-returns-value]
             ^^^^^^^^^^^^^^^^^^^^^^^^^^^^^^^^^^^^^^^^^^^^^^
  File "/usr/local/lib/python3.11/site-packages/uvicorn/middleware/proxy_headers.py", line 84, in __call__
    return await self.app(scope, receive, send)
           ^^^^^^^^^^^^^^^^^^^^^^^^^^^^^^^^^^^^
  File "/usr/local/lib/python3.11/site-packages/fastapi/applications.py", line 1054, in __call__
ERROR:    Exception in ASGI application
Traceback (most recent call last):
  File "/usr/local/lib/python3.11/site-packages/sqlalchemy/engine/base.py", line 1969, in _exec_single_context
    self.dialect.do_execute(
  File "/usr/local/lib/python3.11/site-packages/sqlalchemy/engine/default.py", line 922, in do_execute
    await super().__call__(scope, receive, send)
  File "/usr/local/lib/python3.11/site-packages/starlette/applications.py", line 123, in __call__
    await self.middleware_stack(scope, receive, send)
  File "/usr/local/lib/python3.11/site-packages/starlette/middleware/errors.py", line 186, in __call__
    raise exc
  File "/usr/local/lib/python3.11/site-packages/starlette/middleware/errors.py", line 164, in __call__
    await self.app(scope, receive, _send)
  File "/usr/local/lib/python3.11/site-packages/starlette/middleware/cors.py", line 83, in __call__
    await self.app(scope, receive, send)
  File "/usr/local/lib/python3.11/site-packages/starlette/middleware/exceptions.py", line 62, in __call__
    await wrap_app_handling_exceptions(self.app, conn)(scope, receive, send)
  File "/usr/local/lib/python3.11/site-packages/starlette/_exception_handler.py", line 64, in wrapped_app
    raise exc
  File "/usr/local/lib/python3.11/site-packages/starlette/_exception_handler.py", line 53, in wrapped_app
    await app(scope, receive, sender)
  File "/usr/local/lib/python3.11/site-packages/starlette/routing.py", line 762, in __call__
    await self.middleware_stack(scope, receive, send)
  File "/usr/local/lib/python3.11/site-packages/starlette/routing.py", line 782, in app
    await route.handle(scope, receive, send)
  File "/usr/local/lib/python3.11/site-packages/fastapi/routing.py", line 193, in run_endpoint_function
  File "/usr/local/lib/python3.11/site-packages/starlette/routing.py", line 297, in handle
    await self.app(scope, receive, send)
  File "/usr/local/lib/python3.11/site-packages/starlette/routing.py", line 77, in app
    return await run_in_threadpool(dependant.call, **values)
    await wrap_app_handling_exceptions(app, request)(scope, receive, send)
  File "/usr/local/lib/python3.11/site-packages/starlette/_exception_handler.py", line 64, in wrapped_app
           ^^^^^^^^^^^^^^^^^^^^^^^^^^^^^^^^^^^^^^^^^^^^^^^^^
    raise exc
  File "/usr/local/lib/python3.11/site-packages/starlette/_exception_handler.py", line 53, in wrapped_app
    await app(scope, receive, sender)
  File "/usr/local/lib/python3.11/site-packages/starlette/routing.py", line 72, in app
    response = await func(request)
               ^^^^^^^^^^^^^^^^^^^
  File "/usr/local/lib/python3.11/site-packages/fastapi/routing.py", line 299, in app
    raise e
  File "/usr/local/lib/python3.11/site-packages/fastapi/routing.py", line 294, in app
    raw_response = await run_endpoint_function(
                   ^^^^^^^^^^^^^^^^^^^^^^^^^^^^
  File "/usr/local/lib/python3.11/site-packages/sqlalchemy/orm/query.py", line 2693, in all
           ^^^^^^^^^^^^
    return self._iter().all()  # type: ignore
  File "/usr/local/lib/python3.11/site-packages/starlette/concurrency.py", line 40, in run_in_threadpool
  File "/usr/local/lib/python3.11/site-packages/anyio/_backends/_asyncio.py", line 986, in run
           ^^^^^^^^^^^^
    return await anyio.to_thread.run_sync(func, *args)
    result = context.run(func, *args)
  File "/usr/local/lib/python3.11/site-packages/sqlalchemy/orm/query.py", line 2847, in _iter
             ^^^^^^^^^^^^^^^^^^^^^^^^
           ^^^^^^^^^^^^^^^^^^^^^^^^^^^^^^^^^^^^^^^^^^^
  File "/usr/local/lib/python3.11/site-packages/anyio/to_thread.py", line 61, in run_sync
  File "/app/backend/routers/consultores.py", line 97, in obter_consultor_perfil
    return await get_async_backend().run_sync_in_worker_thread(
    ).order_by(Prospeccao.data_criacao.desc()).all()
                                               ^^^^^
           ^^^^^^^^^^^^^^^^^^^^^^^^^^^^^^^^^^^^^^^^^^^^^^^^^^^^
  File "/usr/local/lib/python3.11/site-packages/anyio/_backends/_asyncio.py", line 2525, in run_sync_in_worker_thread
    return await future
    result: Union[ScalarResult[_T], Result[_T]] = self.session.execute(
                                                  ^^^^^^^^^^^^^^^^^^^^^
  File "/usr/local/lib/python3.11/site-packages/sqlalchemy/orm/session.py", line 2308, in execute
    return self._execute_internal(
           ^^^^^^^^^^^^^^^^^^^^^^^
  File "/usr/local/lib/python3.11/site-packages/sqlalchemy/orm/session.py", line 2190, in _execute_internal
    result: Result[Any] = compile_state_cls.orm_execute_statement(
                          ^^^^^^^^^^^^^^^^^^^^^^^^^^^^^^^^^^^^^^^^
  File "/usr/local/lib/python3.11/site-packages/sqlalchemy/orm/context.py", line 293, in orm_execute_statement
    result = conn.execute(
             ^^^^^^^^^^^^^
  File "/usr/local/lib/python3.11/site-packages/sqlalchemy/engine/base.py", line 1416, in execute
    return meth(
           ^^^^^
  File "/usr/local/lib/python3.11/site-packages/sqlalchemy/sql/elements.py", line 517, in _execute_on_connection