Starting Container
Iniciando aplicacao Nucleo 1.03
=========================================
DATABASE_URL: configurada
PORT: 8080
=========================================
Iniciando servidor Uvicorn na porta 8080...
=========================================
=========================================
üîó Conectando ao banco de dados...
‚úÖ Configura√ß√£o do banco de dados conclu√≠da
‚ö†Ô∏è SESSION_SECRET n√£o configurada, gerando chave tempor√°ria...
‚úÖ Chave tempor√°ria gerada (configure SESSION_SECRET para produ√ß√£o)
INFO:     Started server process [1]
INFO:     Waiting for application startup.
üîÑ Verificando banco de dados...
‚úì Empresas padr√£o j√° existem no banco
‚úÖ Tabelas verificadas/criadas
üîÑ Iniciando seed de dados...
‚úì Est√°gios do pipeline j√° existem no banco
‚úì Usu√°rio admin j√° existe: admin@admin.com
‚úì Pipeline j√° possui dados
‚úì Consultores j√° existem no banco
‚úì Cronograma j√° possui 4959 eventos, pulando importa√ß√£o
‚úÖ Seed de dados conclu√≠do
INFO:     Application startup complete.
INFO:     Uvicorn running on http://0.0.0.0:8080 (Press CTRL+C to quit)
(trapped) error reading bcrypt version
              ^^^^^^^^^^^^^^^^^
Traceback (most recent call last):
AttributeError: module 'bcrypt' has no attribute '__about__'
  File "/usr/local/lib/python3.11/site-packages/passlib/handlers/bcrypt.py", line 620, in _load_backend_mixin
    version = _bcrypt.__about__.__version__
psycopg2.errors.UndefinedColumn: column prospeccoes.codigo does not exist
LINE 1: SELECT prospeccoes.id AS prospeccoes_id, prospeccoes.codigo ...
                                                 ^
HINT:  Perhaps you meant to reference the column "prospeccoes.cargo".
ERROR:    Exception in ASGI application
Traceback (most recent call last):
The above exception was the direct cause of the following exception:
  File "/usr/local/lib/python3.11/site-packages/sqlalchemy/engine/base.py", line 1969, in _exec_single_context
    self.dialect.do_execute(
Traceback (most recent call last):
  File "/usr/local/lib/python3.11/site-packages/uvicorn/protocols/http/httptools_impl.py", line 419, in run_asgi
    result = await app(  # type: ignore[func-returns-value]
             ^^^^^^^^^^^^^^^^^^^^^^^^^^^^^^^^^^^^^^^^^^^^^^
  File "/usr/local/lib/python3.11/site-packages/sqlalchemy/engine/default.py", line 922, in do_execute
    cursor.execute(statement, parameters)
  File "/usr/local/lib/python3.11/site-packages/uvicorn/middleware/proxy_headers.py", line 84, in __call__
    return await self.app(scope, receive, send)
           ^^^^^^^^^^^^^^^^^^^^^^^^^^^^^^^^^^^^
  File "/usr/local/lib/python3.11/site-packages/starlette/middleware/cors.py", line 83, in __call__
    await app(scope, receive, sender)
    await self.app(scope, receive, send)
  File "/usr/local/lib/python3.11/site-packages/starlette/routing.py", line 762, in __call__
  File "/usr/local/lib/python3.11/site-packages/starlette/middleware/exceptions.py", line 62, in __call__
    await self.middleware_stack(scope, receive, send)
    await wrap_app_handling_exceptions(self.app, conn)(scope, receive, send)
  File "/usr/local/lib/python3.11/site-packages/starlette/_exception_handler.py", line 64, in wrapped_app
    raise exc
  File "/usr/local/lib/python3.11/site-packages/starlette/_exception_handler.py", line 53, in wrapped_app
  File "/usr/local/lib/python3.11/site-packages/fastapi/applications.py", line 1054, in __call__
    await super().__call__(scope, receive, send)
  File "/usr/local/lib/python3.11/site-packages/starlette/applications.py", line 123, in __call__
    await self.middleware_stack(scope, receive, send)
  File "/usr/local/lib/python3.11/site-packages/starlette/middleware/errors.py", line 186, in __call__
    raise exc
  File "/usr/local/lib/python3.11/site-packages/starlette/middleware/errors.py", line 164, in __call__
    await self.app(scope, receive, _send)
    raise e
  File "/usr/local/lib/python3.11/site-packages/fastapi/routing.py", line 294, in app
    raw_response = await run_endpoint_function(
                   ^^^^^^^^^^^^^^^^^^^^^^^^^^^^
  File "/usr/local/lib/python3.11/site-packages/fastapi/routing.py", line 193, in run_endpoint_function
    await wrap_app_handling_exceptions(app, request)(scope, receive, send)
  File "/usr/local/lib/python3.11/site-packages/starlette/_exception_handler.py", line 64, in wrapped_app
    raise exc
  File "/usr/local/lib/python3.11/site-packages/starlette/_exception_handler.py", line 53, in wrapped_app
    await app(scope, receive, sender)
  File "/usr/local/lib/python3.11/site-packages/starlette/routing.py", line 72, in app
  File "/usr/local/lib/python3.11/site-packages/starlette/routing.py", line 782, in app
    response = await func(request)
    await route.handle(scope, receive, send)
               ^^^^^^^^^^^^^^^^^^^
  File "/usr/local/lib/python3.11/site-packages/starlette/routing.py", line 297, in handle
  File "/usr/local/lib/python3.11/site-packages/fastapi/routing.py", line 299, in app
    await self.app(scope, receive, send)
  File "/usr/local/lib/python3.11/site-packages/starlette/routing.py", line 77, in app
  File "/usr/local/lib/python3.11/site-packages/anyio/_backends/_asyncio.py", line 2525, in run_sync_in_worker_thread
    return self._iter().all()  # type: ignore
    return await future
           ^^^^^^^^^^^^
    prospeccoes = query.order_by(Prospeccao.data_criacao.desc()).offset(skip).limit(limit).all()
  File "/usr/local/lib/python3.11/site-packages/anyio/_backends/_asyncio.py", line 986, in run
                  ^^^^^^^^^^^^^^^^^^^^^^^^^^^^^^^^^^^^^^^^^^^^^^^^^^^^^^^^^^^^^^^^^^^^^^^^^^^^^^
    result = context.run(func, *args)
  File "/usr/local/lib/python3.11/site-packages/sqlalchemy/orm/query.py", line 2693, in all
             ^^^^^^^^^^^^^^^^^^^^^^^^
  File "/app/backend/routers/prospeccoes.py", line 133, in listar_prospeccoes
    return await run_in_threadpool(dependant.call, **values)
           ^^^^^^^^^^^^^^^^^^^^^^^^^^^^^^^^^^^^^^^^^^^^^^^^^
  File "/usr/local/lib/python3.11/site-packages/starlette/concurrency.py", line 40, in run_in_threadpool
    return await anyio.to_thread.run_sync(func, *args)
           ^^^^^^^^^^^^^^^^^^^^^^^^^^^^^^^^^^^^^^^^^^^
  File "/usr/local/lib/python3.11/site-packages/anyio/to_thread.py", line 61, in run_sync
    return await get_async_backend().run_sync_in_worker_thread(
           ^^^^^^^^^^^^^^^^^^^^^^^^^^^^^^^^^^^^^^^^^^^^^^^^^^^^
           ^^^^^^^^^^^^^^^^^^^^^^^^^^^^^^^^^^
  File "/usr/local/lib/python3.11/site-packages/sqlalchemy/engine/base.py", line 1639, in _execute_clauseelement
           ^^^^^^^^^^^^
  File "/usr/local/lib/python3.11/site-packages/sqlalchemy/orm/query.py", line 2847, in _iter
    result: Union[ScalarResult[_T], Result[_T]] = self.session.execute(
                                                  ^^^^^^^^^^^^^^^^^^^^^
  File "/usr/local/lib/python3.11/site-packages/sqlalchemy/orm/session.py", line 2308, in execute
    return self._execute_internal(
           ^^^^^^^^^^^^^^^^^^^^^^^
  File "/usr/local/lib/python3.11/site-packages/sqlalchemy/orm/session.py", line 2190, in _execute_internal